Arguments: 
  /usr/local/bin/node /usr/local/bin/yarn add

PATH: 
  /Library/Frameworks/Python.framework/Versions/3.4/bin:/Users/raven/dev0/gcloud/google-cloud-sdk/bin:/usr/local/bin:/usr/bin:/bin:/usr/sbin:/sbin:/usr/local/share/dotnet:/Library/Frameworks/Mono.framework/Versions/Current/Commands:/Users/raven/

Yarn version: 
  1.4.0

Node version: 
  9.5.0

Platform: 
  darwin x64

npm manifest: 
  {
    "name": "handy-tool-box",
    "version": "1.0.0",
    "description": "A colection of handy snippets and functions.",
    "main": "handy-utilities.js",
    "scripts": {
      "test": "echo \"Error: no test specified\" && exit 1"
    },
    "repository": {
      "type": "git",
      "url": "git+https://github.com/rdev0rigin/handy-tool-box.git"
    },
    "keywords": [
      "rdev",
      "general",
      "tools",
      "helpers",
      "utility"
    ],
    "author": "Rob \"Rex\" Beatie (rdev1163@outlook.com)",
    "license": "MIT",
    "bugs": {
      "url": "https://github.com/rdev0rigin/handy-tool-box/issues"
    },
    "homepage": "https://github.com/rdev0rigin/handy-tool-box#readme",
    "dependencies": {
      "@reactivex/rxjs": "^5.5.6"
    }
  }

yarn manifest: 
  No manifest

Lockfile: 
  No lockfile

Trace: 
  Error: Missing list of packages to add to your project.
      at new MessageError (/usr/local/lib/node_modules/yarn/lib/cli.js:186:110)
      at Object.<anonymous> (/usr/local/lib/node_modules/yarn/lib/cli.js:39365:13)
      at Generator.next (<anonymous>)
      at step (/usr/local/lib/node_modules/yarn/lib/cli.js:98:30)
      at /usr/local/lib/node_modules/yarn/lib/cli.js:116:14
      at new Promise (<anonymous>)
      at new F (/usr/local/lib/node_modules/yarn/lib/cli.js:23457:28)
      at Object.<anonymous> (/usr/local/lib/node_modules/yarn/lib/cli.js:95:12)
      at Object.run (/usr/local/lib/node_modules/yarn/lib/cli.js:39377:18)
      at run (/usr/local/lib/node_modules/yarn/lib/cli.js:88588:20)
